<?xml version="1.0" encoding="UTF-8"?>
<testng-results ignored="0" total="11" passed="11" failed="0" skipped="0">
  <reporter-output>
  </reporter-output>
  <suite started-at="2024-04-04T02:18:15Z" name="Default suite" finished-at="2024-04-04T02:19:15Z" duration-ms="59488">
    <groups>
      <group name="cucumber">
        <method signature="AbstractTestNGCucumberTests.runScenario(io.cucumber.testng.PickleWrapper, io.cucumber.testng.FeatureWrapper)[pri:0, instance:parallel.ParallelRun@c94fd30]" name="runScenario" class="io.cucumber.testng.AbstractTestNGCucumberTests"/>
      </group> <!-- cucumber -->
    </groups>
    <test started-at="2024-04-04T02:18:15Z" name="Default test" finished-at="2024-04-04T02:19:15Z" duration-ms="59488">
      <class name="parallel.ParallelRun">
        <test-method is-config="true" signature="setUpClass()[pri:0, instance:parallel.ParallelRun@c94fd30]" started-at="2024-04-04T02:18:15Z" name="setUpClass" finished-at="2024-04-04T02:18:16Z" duration-ms="1223" status="PASS">
          <reporter-output>
          </reporter-output>
        </test-method> <!-- setUpClass -->
        <test-method signature="runScenario(io.cucumber.testng.PickleWrapper, io.cucumber.testng.FeatureWrapper)[pri:0, instance:parallel.ParallelRun@c94fd30]" started-at="2024-04-04T02:18:16Z" name="runScenario" description="Runs Cucumber Scenarios" data-provider="scenarios" finished-at="2024-04-04T02:19:07Z" duration-ms="51001" status="PASS">
          <params>
            <param index="0">
              <value>
                <![CDATA["BookAHotel Page title"]]>
              </value>
            </param>
            <param index="1">
              <value>
                <![CDATA["Optional[Book A Hotel Functionality]"]]>
              </value>
            </param>
          </params>
          <reporter-output>
          </reporter-output>
        </test-method> <!-- runScenario -->
        <test-method signature="runScenario(io.cucumber.testng.PickleWrapper, io.cucumber.testng.FeatureWrapper)[pri:0, instance:parallel.ParallelRun@c94fd30]" started-at="2024-04-04T02:18:16Z" name="runScenario" description="Runs Cucumber Scenarios" data-provider="scenarios" finished-at="2024-04-04T02:19:11Z" duration-ms="54196" status="PASS">
          <params>
            <param index="0">
              <value>
                <![CDATA["Enter the user details"]]>
              </value>
            </param>
            <param index="1">
              <value>
                <![CDATA["Optional[Booking Confirmation Functionality]"]]>
              </value>
            </param>
          </params>
          <reporter-output>
          </reporter-output>
        </test-method> <!-- runScenario -->
        <test-method signature="runScenario(io.cucumber.testng.PickleWrapper, io.cucumber.testng.FeatureWrapper)[pri:0, instance:parallel.ParallelRun@c94fd30]" started-at="2024-04-04T02:18:16Z" name="runScenario" description="Runs Cucumber Scenarios" data-provider="scenarios" finished-at="2024-04-04T02:19:07Z" duration-ms="50672" status="PASS">
          <params>
            <param index="0">
              <value>
                <![CDATA["Enter the user details"]]>
              </value>
            </param>
            <param index="1">
              <value>
                <![CDATA["Optional[Book A Hotel Functionality]"]]>
              </value>
            </param>
          </params>
          <reporter-output>
          </reporter-output>
        </test-method> <!-- runScenario -->
        <test-method signature="runScenario(io.cucumber.testng.PickleWrapper, io.cucumber.testng.FeatureWrapper)[pri:0, instance:parallel.ParallelRun@c94fd30]" started-at="2024-04-04T02:18:16Z" name="runScenario" description="Runs Cucumber Scenarios" data-provider="scenarios" finished-at="2024-04-04T02:19:06Z" duration-ms="49377" status="PASS">
          <params>
            <param index="0">
              <value>
                <![CDATA["SearchHotel Page title"]]>
              </value>
            </param>
            <param index="1">
              <value>
                <![CDATA["Optional[SearchHotel Functionality]"]]>
              </value>
            </param>
          </params>
          <reporter-output>
          </reporter-output>
        </test-method> <!-- runScenario -->
        <test-method signature="runScenario(io.cucumber.testng.PickleWrapper, io.cucumber.testng.FeatureWrapper)[pri:0, instance:parallel.ParallelRun@c94fd30]" started-at="2024-04-04T02:18:16Z" name="runScenario" description="Runs Cucumber Scenarios" data-provider="scenarios" finished-at="2024-04-04T02:19:07Z" duration-ms="50414" status="PASS">
          <params>
            <param index="0">
              <value>
                <![CDATA["Select values"]]>
              </value>
            </param>
            <param index="1">
              <value>
                <![CDATA["Optional[SearchHotel Functionality]"]]>
              </value>
            </param>
          </params>
          <reporter-output>
          </reporter-output>
        </test-method> <!-- runScenario -->
        <test-method signature="runScenario(io.cucumber.testng.PickleWrapper, io.cucumber.testng.FeatureWrapper)[pri:0, instance:parallel.ParallelRun@c94fd30]" started-at="2024-04-04T02:18:16Z" name="runScenario" description="Runs Cucumber Scenarios" data-provider="scenarios" finished-at="2024-04-04T02:18:50Z" duration-ms="33979" status="PASS">
          <params>
            <param index="0">
              <value>
                <![CDATA["Successful Login with Valid Credentials"]]>
              </value>
            </param>
            <param index="1">
              <value>
                <![CDATA["Optional[Login Functionality]"]]>
              </value>
            </param>
          </params>
          <reporter-output>
          </reporter-output>
        </test-method> <!-- runScenario -->
        <test-method signature="runScenario(io.cucumber.testng.PickleWrapper, io.cucumber.testng.FeatureWrapper)[pri:0, instance:parallel.ParallelRun@c94fd30]" started-at="2024-04-04T02:18:16Z" name="runScenario" description="Runs Cucumber Scenarios" data-provider="scenarios" finished-at="2024-04-04T02:18:55Z" duration-ms="38920" status="PASS">
          <params>
            <param index="0">
              <value>
                <![CDATA["SelectHotel Page title"]]>
              </value>
            </param>
            <param index="1">
              <value>
                <![CDATA["Optional[SelectHotel Functionality]"]]>
              </value>
            </param>
          </params>
          <reporter-output>
          </reporter-output>
        </test-method> <!-- runScenario -->
        <test-method signature="runScenario(io.cucumber.testng.PickleWrapper, io.cucumber.testng.FeatureWrapper)[pri:0, instance:parallel.ParallelRun@c94fd30]" started-at="2024-04-04T02:18:16Z" name="runScenario" description="Runs Cucumber Scenarios" data-provider="scenarios" finished-at="2024-04-04T02:19:07Z" duration-ms="50474" status="PASS">
          <params>
            <param index="0">
              <value>
                <![CDATA["Enter the user details"]]>
              </value>
            </param>
            <param index="1">
              <value>
                <![CDATA["Optional[Booking Confirmation Functionality]"]]>
              </value>
            </param>
          </params>
          <reporter-output>
          </reporter-output>
        </test-method> <!-- runScenario -->
        <test-method signature="runScenario(io.cucumber.testng.PickleWrapper, io.cucumber.testng.FeatureWrapper)[pri:0, instance:parallel.ParallelRun@c94fd30]" started-at="2024-04-04T02:18:16Z" name="runScenario" description="Runs Cucumber Scenarios" data-provider="scenarios" finished-at="2024-04-04T02:18:47Z" duration-ms="30550" status="PASS">
          <params>
            <param index="0">
              <value>
                <![CDATA["Login Page title"]]>
              </value>
            </param>
            <param index="1">
              <value>
                <![CDATA["Optional[Login Functionality]"]]>
              </value>
            </param>
          </params>
          <reporter-output>
          </reporter-output>
        </test-method> <!-- runScenario -->
        <test-method signature="runScenario(io.cucumber.testng.PickleWrapper, io.cucumber.testng.FeatureWrapper)[pri:0, instance:parallel.ParallelRun@c94fd30]" started-at="2024-04-04T02:18:16Z" name="runScenario" description="Runs Cucumber Scenarios" data-provider="scenarios" finished-at="2024-04-04T02:19:07Z" duration-ms="50436" status="PASS">
          <params>
            <param index="0">
              <value>
                <![CDATA["Enter the user details"]]>
              </value>
            </param>
            <param index="1">
              <value>
                <![CDATA["Optional[Book A Hotel Functionality]"]]>
              </value>
            </param>
          </params>
          <reporter-output>
          </reporter-output>
        </test-method> <!-- runScenario -->
        <test-method signature="runScenario(io.cucumber.testng.PickleWrapper, io.cucumber.testng.FeatureWrapper)[pri:0, instance:parallel.ParallelRun@c94fd30]" started-at="2024-04-04T02:18:47Z" name="runScenario" description="Runs Cucumber Scenarios" data-provider="scenarios" finished-at="2024-04-04T02:19:05Z" duration-ms="18211" status="PASS">
          <params>
            <param index="0">
              <value>
                <![CDATA["Click hotel"]]>
              </value>
            </param>
            <param index="1">
              <value>
                <![CDATA["Optional[SelectHotel Functionality]"]]>
              </value>
            </param>
          </params>
          <reporter-output>
          </reporter-output>
        </test-method> <!-- runScenario -->
        <test-method is-config="true" signature="tearDownClass()[pri:0, instance:parallel.ParallelRun@c94fd30]" started-at="2024-04-04T02:19:11Z" name="tearDownClass" finished-at="2024-04-04T02:19:15Z" duration-ms="4001" status="PASS">
          <reporter-output>
          </reporter-output>
        </test-method> <!-- tearDownClass -->
      </class> <!-- parallel.ParallelRun -->
    </test> <!-- Default test -->
  </suite> <!-- Default suite -->
</testng-results>
